{"/Users/teresaorellana/Downloads/2024/Desarrollo de software/Page/Techengue_backend/src/config/database.js": {"path":"/Users/teresaorellana/Downloads/2024/Desarrollo de software/Page/Techengue_backend/src/config/database.js","statementMap":{"0":{"start":{"line":2,"column":0},"end":{"line":2,"column":27}},"1":{"start":{"line":3,"column":22},"end":{"line":3,"column":42}},"2":{"start":{"line":5,"column":18},"end":{"line":9,"column":2}},"3":{"start":{"line":11,"column":0},"end":{"line":11,"column":27}}},"fnMap":{},"branchMap":{},"s":{"0":1,"1":1,"2":1,"3":1},"f":{},"b":{},"_coverageSchema":"1a1c01bbd47fc00a2c39e90264f33305004495a9","hash":"7db6c813cc63a4254396a4730788ab534094ce8c"}
,"/Users/teresaorellana/Downloads/2024/Desarrollo de software/Page/Techengue_backend/src/models/Adopcion.js": {"path":"/Users/teresaorellana/Downloads/2024/Desarrollo de software/Page/Techengue_backend/src/models/Adopcion.js","statementMap":{"0":{"start":{"line":1,"column":22},"end":{"line":1,"column":42}},"1":{"start":{"line":2,"column":18},"end":{"line":2,"column":47}},"2":{"start":{"line":4,"column":17},"end":{"line":21,"column":2}},"3":{"start":{"line":23,"column":0},"end":{"line":26,"column":2}},"4":{"start":{"line":24,"column":4},"end":{"line":24,"column":73}},"5":{"start":{"line":25,"column":4},"end":{"line":25,"column":66}},"6":{"start":{"line":28,"column":0},"end":{"line":28,"column":26}}},"fnMap":{"0":{"name":"(anonymous_0)","decl":{"start":{"line":23,"column":21},"end":{"line":23,"column":22}},"loc":{"start":{"line":23,"column":33},"end":{"line":26,"column":1}},"line":23}},"branchMap":{},"s":{"0":1,"1":1,"2":1,"3":1,"4":0,"5":0,"6":1},"f":{"0":0},"b":{},"_coverageSchema":"1a1c01bbd47fc00a2c39e90264f33305004495a9","hash":"ce2cdc37e3253f193ea89d3b0f2c9946daa32535"}
,"/Users/teresaorellana/Downloads/2024/Desarrollo de software/Page/Techengue_backend/src/models/Resena.js": {"path":"/Users/teresaorellana/Downloads/2024/Desarrollo de software/Page/Techengue_backend/src/models/Resena.js","statementMap":{"0":{"start":{"line":1,"column":22},"end":{"line":1,"column":42}},"1":{"start":{"line":2,"column":18},"end":{"line":2,"column":47}},"2":{"start":{"line":4,"column":15},"end":{"line":23,"column":2}},"3":{"start":{"line":25,"column":0},"end":{"line":27,"column":2}},"4":{"start":{"line":26,"column":4},"end":{"line":26,"column":69}},"5":{"start":{"line":29,"column":0},"end":{"line":29,"column":24}}},"fnMap":{"0":{"name":"(anonymous_0)","decl":{"start":{"line":25,"column":19},"end":{"line":25,"column":20}},"loc":{"start":{"line":25,"column":31},"end":{"line":27,"column":1}},"line":25}},"branchMap":{},"s":{"0":1,"1":1,"2":1,"3":1,"4":0,"5":1},"f":{"0":0},"b":{},"_coverageSchema":"1a1c01bbd47fc00a2c39e90264f33305004495a9","hash":"a13ffe7cc72cd5a7bf2cd5be6c71d840c980808e"}
,"/Users/teresaorellana/Downloads/2024/Desarrollo de software/Page/Techengue_backend/src/models/Solicitud.js": {"path":"/Users/teresaorellana/Downloads/2024/Desarrollo de software/Page/Techengue_backend/src/models/Solicitud.js","statementMap":{"0":{"start":{"line":1,"column":22},"end":{"line":1,"column":42}},"1":{"start":{"line":2,"column":18},"end":{"line":2,"column":47}},"2":{"start":{"line":4,"column":18},"end":{"line":33,"column":2}},"3":{"start":{"line":35,"column":0},"end":{"line":40,"column":2}},"4":{"start":{"line":36,"column":4},"end":{"line":36,"column":70}},"5":{"start":{"line":37,"column":4},"end":{"line":37,"column":82}},"6":{"start":{"line":38,"column":4},"end":{"line":38,"column":70}},"7":{"start":{"line":39,"column":4},"end":{"line":39,"column":66}},"8":{"start":{"line":42,"column":0},"end":{"line":42,"column":27}}},"fnMap":{"0":{"name":"(anonymous_0)","decl":{"start":{"line":35,"column":22},"end":{"line":35,"column":23}},"loc":{"start":{"line":35,"column":34},"end":{"line":40,"column":1}},"line":35}},"branchMap":{},"s":{"0":1,"1":1,"2":1,"3":1,"4":0,"5":0,"6":0,"7":0,"8":1},"f":{"0":0},"b":{},"_coverageSchema":"1a1c01bbd47fc00a2c39e90264f33305004495a9","hash":"7fac5dcdf33eef9b929ca532e2e0b529eeefa469"}
}
