{"/Users/teresaorellana/Downloads/2024/Desarrollo de software/Page/Techengue_backend/src/config/database.js": {"path":"/Users/teresaorellana/Downloads/2024/Desarrollo de software/Page/Techengue_backend/src/config/database.js","statementMap":{"0":{"start":{"line":2,"column":0},"end":{"line":2,"column":27}},"1":{"start":{"line":3,"column":22},"end":{"line":3,"column":42}},"2":{"start":{"line":5,"column":18},"end":{"line":9,"column":2}},"3":{"start":{"line":11,"column":0},"end":{"line":11,"column":27}}},"fnMap":{},"branchMap":{},"s":{"0":9,"1":9,"2":9,"3":9},"f":{},"b":{},"_coverageSchema":"1a1c01bbd47fc00a2c39e90264f33305004495a9","hash":"7db6c813cc63a4254396a4730788ab534094ce8c"}
,"/Users/teresaorellana/Downloads/2024/Desarrollo de software/Page/Techengue_backend/src/models/Mascota.js": {"path":"/Users/teresaorellana/Downloads/2024/Desarrollo de software/Page/Techengue_backend/src/models/Mascota.js","statementMap":{"0":{"start":{"line":1,"column":22},"end":{"line":1,"column":42}},"1":{"start":{"line":2,"column":18},"end":{"line":2,"column":47}},"2":{"start":{"line":3,"column":18},"end":{"line":3,"column":40}},"3":{"start":{"line":5,"column":16},"end":{"line":36,"column":2}},"4":{"start":{"line":38,"column":0},"end":{"line":41,"column":2}},"5":{"start":{"line":39,"column":4},"end":{"line":39,"column":68}},"6":{"start":{"line":40,"column":4},"end":{"line":40,"column":87}},"7":{"start":{"line":43,"column":0},"end":{"line":43,"column":25}}},"fnMap":{"0":{"name":"(anonymous_0)","decl":{"start":{"line":38,"column":20},"end":{"line":38,"column":21}},"loc":{"start":{"line":38,"column":32},"end":{"line":41,"column":1}},"line":38}},"branchMap":{},"s":{"0":5,"1":5,"2":5,"3":5,"4":5,"5":3,"6":3,"7":5},"f":{"0":3},"b":{},"_coverageSchema":"1a1c01bbd47fc00a2c39e90264f33305004495a9","hash":"b622a314e7ede327d7f093f3f82932a795cd4ec8"}
,"/Users/teresaorellana/Downloads/2024/Desarrollo de software/Page/Techengue_backend/src/models/Solicitud.js": {"path":"/Users/teresaorellana/Downloads/2024/Desarrollo de software/Page/Techengue_backend/src/models/Solicitud.js","statementMap":{"0":{"start":{"line":1,"column":22},"end":{"line":1,"column":42}},"1":{"start":{"line":2,"column":18},"end":{"line":2,"column":47}},"2":{"start":{"line":3,"column":16},"end":{"line":3,"column":36}},"3":{"start":{"line":5,"column":18},"end":{"line":36,"column":2}},"4":{"start":{"line":38,"column":0},"end":{"line":41,"column":2}},"5":{"start":{"line":39,"column":4},"end":{"line":39,"column":85}},"6":{"start":{"line":40,"column":4},"end":{"line":40,"column":109}},"7":{"start":{"line":44,"column":0},"end":{"line":44,"column":27}}},"fnMap":{"0":{"name":"(anonymous_0)","decl":{"start":{"line":38,"column":22},"end":{"line":38,"column":23}},"loc":{"start":{"line":38,"column":34},"end":{"line":41,"column":1}},"line":38}},"branchMap":{},"s":{"0":5,"1":5,"2":5,"3":5,"4":5,"5":3,"6":3,"7":5},"f":{"0":3},"b":{},"_coverageSchema":"1a1c01bbd47fc00a2c39e90264f33305004495a9","hash":"c7c6d9f8261b434fd9607f22272d3e53987a9267"}
,"/Users/teresaorellana/Downloads/2024/Desarrollo de software/Page/Techengue_backend/src/models/Usuario.js": {"path":"/Users/teresaorellana/Downloads/2024/Desarrollo de software/Page/Techengue_backend/src/models/Usuario.js","statementMap":{"0":{"start":{"line":1,"column":22},"end":{"line":1,"column":42}},"1":{"start":{"line":2,"column":18},"end":{"line":2,"column":47}},"2":{"start":{"line":4,"column":16},"end":{"line":26,"column":2}},"3":{"start":{"line":28,"column":0},"end":{"line":30,"column":2}},"4":{"start":{"line":29,"column":2},"end":{"line":29,"column":64}},"5":{"start":{"line":32,"column":0},"end":{"line":32,"column":25}}},"fnMap":{"0":{"name":"(anonymous_0)","decl":{"start":{"line":28,"column":20},"end":{"line":28,"column":21}},"loc":{"start":{"line":28,"column":32},"end":{"line":30,"column":1}},"line":28}},"branchMap":{},"s":{"0":5,"1":5,"2":5,"3":5,"4":3,"5":5},"f":{"0":3},"b":{},"_coverageSchema":"1a1c01bbd47fc00a2c39e90264f33305004495a9","hash":"5d09af580457a9e946364db7d2c145ab96160822"}
,"/Users/teresaorellana/Downloads/2024/Desarrollo de software/Page/Techengue_backend/src/routes/auth.js": {"path":"/Users/teresaorellana/Downloads/2024/Desarrollo de software/Page/Techengue_backend/src/routes/auth.js","statementMap":{"0":{"start":{"line":1,"column":16},"end":{"line":1,"column":34}},"1":{"start":{"line":2,"column":15},"end":{"line":2,"column":34}},"2":{"start":{"line":3,"column":12},"end":{"line":3,"column":35}},"3":{"start":{"line":4,"column":19},"end":{"line":4,"column":41}},"4":{"start":{"line":5,"column":16},"end":{"line":5,"column":44}},"5":{"start":{"line":6,"column":15},"end":{"line":6,"column":31}},"6":{"start":{"line":9,"column":0},"end":{"line":30,"column":3}},"7":{"start":{"line":10,"column":4},"end":{"line":29,"column":5}},"8":{"start":{"line":11,"column":22},"end":{"line":11,"column":62}},"9":{"start":{"line":12,"column":8},"end":{"line":14,"column":9}},"10":{"start":{"line":13,"column":12},"end":{"line":13,"column":77}},"11":{"start":{"line":16,"column":24},"end":{"line":16,"column":65}},"12":{"start":{"line":17,"column":24},"end":{"line":19,"column":10}},"13":{"start":{"line":21,"column":8},"end":{"line":23,"column":9}},"14":{"start":{"line":22,"column":12},"end":{"line":22,"column":76}},"15":{"start":{"line":25,"column":8},"end":{"line":25,"column":26}},"16":{"start":{"line":27,"column":8},"end":{"line":27,"column":57}},"17":{"start":{"line":28,"column":8},"end":{"line":28,"column":64}},"18":{"start":{"line":33,"column":0},"end":{"line":50,"column":3}},"19":{"start":{"line":34,"column":40},"end":{"line":34,"column":48}},"20":{"start":{"line":36,"column":4},"end":{"line":49,"column":5}},"21":{"start":{"line":37,"column":33},"end":{"line":37,"column":76}},"22":{"start":{"line":38,"column":8},"end":{"line":40,"column":9}},"23":{"start":{"line":39,"column":12},"end":{"line":39,"column":76}},"24":{"start":{"line":42,"column":31},"end":{"line":42,"column":62}},"25":{"start":{"line":43,"column":8},"end":{"line":43,"column":74}},"26":{"start":{"line":45,"column":8},"end":{"line":45,"column":77}},"27":{"start":{"line":47,"column":8},"end":{"line":47,"column":60}},"28":{"start":{"line":48,"column":8},"end":{"line":48,"column":64}},"29":{"start":{"line":54,"column":0},"end":{"line":74,"column":3}},"30":{"start":{"line":55,"column":32},"end":{"line":55,"column":40}},"31":{"start":{"line":57,"column":4},"end":{"line":73,"column":5}},"32":{"start":{"line":58,"column":24},"end":{"line":58,"column":67}},"33":{"start":{"line":59,"column":8},"end":{"line":61,"column":9}},"34":{"start":{"line":60,"column":12},"end":{"line":60,"column":79}},"35":{"start":{"line":63,"column":35},"end":{"line":63,"column":83}},"36":{"start":{"line":64,"column":8},"end":{"line":66,"column":9}},"37":{"start":{"line":65,"column":12},"end":{"line":65,"column":79}},"38":{"start":{"line":68,"column":22},"end":{"line":68,"column":111}},"39":{"start":{"line":69,"column":8},"end":{"line":69,"column":52}},"40":{"start":{"line":71,"column":8},"end":{"line":71,"column":59}},"41":{"start":{"line":72,"column":8},"end":{"line":72,"column":64}},"42":{"start":{"line":77,"column":0},"end":{"line":98,"column":3}},"43":{"start":{"line":78,"column":30},"end":{"line":78,"column":38}},"44":{"start":{"line":79,"column":18},"end":{"line":79,"column":58}},"45":{"start":{"line":81,"column":4},"end":{"line":97,"column":5}},"46":{"start":{"line":82,"column":24},"end":{"line":82,"column":65}},"47":{"start":{"line":83,"column":24},"end":{"line":83,"column":66}},"48":{"start":{"line":85,"column":8},"end":{"line":87,"column":9}},"49":{"start":{"line":86,"column":12},"end":{"line":86,"column":76}},"50":{"start":{"line":89,"column":8},"end":{"line":89,"column":32}},"51":{"start":{"line":90,"column":8},"end":{"line":90,"column":30}},"52":{"start":{"line":91,"column":8},"end":{"line":91,"column":29}},"53":{"start":{"line":93,"column":8},"end":{"line":93,"column":74}},"54":{"start":{"line":95,"column":8},"end":{"line":95,"column":60}},"55":{"start":{"line":96,"column":8},"end":{"line":96,"column":64}},"56":{"start":{"line":101,"column":0},"end":{"line":115,"column":3}},"57":{"start":{"line":102,"column":4},"end":{"line":114,"column":5}},"58":{"start":{"line":103,"column":24},"end":{"line":103,"column":67}},"59":{"start":{"line":105,"column":8},"end":{"line":107,"column":9}},"60":{"start":{"line":106,"column":12},"end":{"line":106,"column":76}},"61":{"start":{"line":109,"column":8},"end":{"line":109,"column":32}},"62":{"start":{"line":110,"column":8},"end":{"line":110,"column":31}},"63":{"start":{"line":112,"column":8},"end":{"line":112,"column":70}},"64":{"start":{"line":113,"column":8},"end":{"line":113,"column":72}},"65":{"start":{"line":117,"column":0},"end":{"line":117,"column":24}}},"fnMap":{"0":{"name":"(anonymous_0)","decl":{"start":{"line":9,"column":23},"end":{"line":9,"column":24}},"loc":{"start":{"line":9,"column":43},"end":{"line":30,"column":1}},"line":9},"1":{"name":"(anonymous_1)","decl":{"start":{"line":33,"column":25},"end":{"line":33,"column":26}},"loc":{"start":{"line":33,"column":45},"end":{"line":50,"column":1}},"line":33},"2":{"name":"(anonymous_2)","decl":{"start":{"line":54,"column":22},"end":{"line":54,"column":23}},"loc":{"start":{"line":54,"column":42},"end":{"line":74,"column":1}},"line":54},"3":{"name":"(anonymous_3)","decl":{"start":{"line":77,"column":23},"end":{"line":77,"column":24}},"loc":{"start":{"line":77,"column":43},"end":{"line":98,"column":1}},"line":77},"4":{"name":"(anonymous_4)","decl":{"start":{"line":101,"column":97},"end":{"line":101,"column":98}},"loc":{"start":{"line":101,"column":117},"end":{"line":115,"column":1}},"line":101}},"branchMap":{"0":{"loc":{"start":{"line":12,"column":8},"end":{"line":14,"column":9}},"type":"if","locations":[{"start":{"line":12,"column":8},"end":{"line":14,"column":9}},{"start":{},"end":{}}],"line":12},"1":{"loc":{"start":{"line":21,"column":8},"end":{"line":23,"column":9}},"type":"if","locations":[{"start":{"line":21,"column":8},"end":{"line":23,"column":9}},{"start":{},"end":{}}],"line":21},"2":{"loc":{"start":{"line":38,"column":8},"end":{"line":40,"column":9}},"type":"if","locations":[{"start":{"line":38,"column":8},"end":{"line":40,"column":9}},{"start":{},"end":{}}],"line":38},"3":{"loc":{"start":{"line":59,"column":8},"end":{"line":61,"column":9}},"type":"if","locations":[{"start":{"line":59,"column":8},"end":{"line":61,"column":9}},{"start":{},"end":{}}],"line":59},"4":{"loc":{"start":{"line":64,"column":8},"end":{"line":66,"column":9}},"type":"if","locations":[{"start":{"line":64,"column":8},"end":{"line":66,"column":9}},{"start":{},"end":{}}],"line":64},"5":{"loc":{"start":{"line":85,"column":8},"end":{"line":87,"column":9}},"type":"if","locations":[{"start":{"line":85,"column":8},"end":{"line":87,"column":9}},{"start":{},"end":{}}],"line":85},"6":{"loc":{"start":{"line":105,"column":8},"end":{"line":107,"column":9}},"type":"if","locations":[{"start":{"line":105,"column":8},"end":{"line":107,"column":9}},{"start":{},"end":{}}],"line":105}},"s":{"0":1,"1":1,"2":1,"3":1,"4":1,"5":1,"6":1,"7":3,"8":3,"9":3,"10":1,"11":2,"12":2,"13":1,"14":0,"15":1,"16":1,"17":1,"18":1,"19":3,"20":3,"21":3,"22":3,"23":1,"24":2,"25":2,"26":1,"27":1,"28":1,"29":1,"30":3,"31":3,"32":3,"33":2,"34":1,"35":1,"36":1,"37":0,"38":1,"39":1,"40":1,"41":1,"42":1,"43":3,"44":3,"45":3,"46":3,"47":3,"48":2,"49":1,"50":1,"51":1,"52":1,"53":1,"54":1,"55":1,"56":1,"57":3,"58":3,"59":2,"60":1,"61":1,"62":1,"63":1,"64":1,"65":1},"f":{"0":3,"1":3,"2":3,"3":3,"4":3},"b":{"0":[1,2],"1":[0,1],"2":[1,2],"3":[1,1],"4":[0,1],"5":[1,1],"6":[1,1]},"_coverageSchema":"1a1c01bbd47fc00a2c39e90264f33305004495a9","hash":"5d15c77c99fc1b899cb235d24c59178585bc69c8"}
,"/Users/teresaorellana/Downloads/2024/Desarrollo de software/Page/Techengue_backend/src/routes/mascotas.js": {"path":"/Users/teresaorellana/Downloads/2024/Desarrollo de software/Page/Techengue_backend/src/routes/mascotas.js","statementMap":{"0":{"start":{"line":1,"column":16},"end":{"line":1,"column":34}},"1":{"start":{"line":2,"column":19},"end":{"line":2,"column":41}},"2":{"start":{"line":3,"column":16},"end":{"line":3,"column":44}},"3":{"start":{"line":4,"column":15},"end":{"line":4,"column":32}},"4":{"start":{"line":5,"column":13},"end":{"line":5,"column":28}},"5":{"start":{"line":6,"column":15},"end":{"line":6,"column":31}},"6":{"start":{"line":7,"column":15},"end":{"line":7,"column":35}},"7":{"start":{"line":8,"column":18},"end":{"line":8,"column":48}},"8":{"start":{"line":10,"column":16},"end":{"line":17,"column":2}},"9":{"start":{"line":12,"column":8},"end":{"line":12,"column":29}},"10":{"start":{"line":15,"column":8},"end":{"line":15,"column":63}},"11":{"start":{"line":18,"column":15},"end":{"line":18,"column":43}},"12":{"start":{"line":20,"column":0},"end":{"line":55,"column":2}},"13":{"start":{"line":25,"column":137},"end":{"line":25,"column":145}},"14":{"start":{"line":26,"column":27},"end":{"line":26,"column":46}},"15":{"start":{"line":27,"column":22},"end":{"line":27,"column":57}},"16":{"start":{"line":29,"column":34},"end":{"line":29,"column":63}},"17":{"start":{"line":30,"column":29},"end":{"line":30,"column":45}},"18":{"start":{"line":32,"column":8},"end":{"line":53,"column":9}},"19":{"start":{"line":33,"column":33},"end":{"line":47,"column":14}},"20":{"start":{"line":49,"column":12},"end":{"line":49,"column":103}},"21":{"start":{"line":51,"column":12},"end":{"line":51,"column":71}},"22":{"start":{"line":52,"column":12},"end":{"line":52,"column":76}},"23":{"start":{"line":58,"column":0},"end":{"line":101,"column":2}},"24":{"start":{"line":63,"column":31},"end":{"line":63,"column":41}},"25":{"start":{"line":64,"column":137},"end":{"line":64,"column":145}},"26":{"start":{"line":65,"column":27},"end":{"line":65,"column":46}},"27":{"start":{"line":66,"column":22},"end":{"line":66,"column":57}},"28":{"start":{"line":68,"column":34},"end":{"line":68,"column":63}},"29":{"start":{"line":69,"column":29},"end":{"line":69,"column":45}},"30":{"start":{"line":71,"column":8},"end":{"line":99,"column":9}},"31":{"start":{"line":72,"column":28},"end":{"line":72,"column":100}},"32":{"start":{"line":73,"column":12},"end":{"line":75,"column":13}},"33":{"start":{"line":74,"column":16},"end":{"line":74,"column":107}},"34":{"start":{"line":78,"column":12},"end":{"line":78,"column":36}},"35":{"start":{"line":79,"column":12},"end":{"line":79,"column":58}},"36":{"start":{"line":80,"column":12},"end":{"line":80,"column":56}},"37":{"start":{"line":81,"column":12},"end":{"line":81,"column":46}},"38":{"start":{"line":82,"column":12},"end":{"line":82,"column":38}},"39":{"start":{"line":83,"column":12},"end":{"line":83,"column":32}},"40":{"start":{"line":84,"column":12},"end":{"line":84,"column":52}},"41":{"start":{"line":85,"column":12},"end":{"line":85,"column":41}},"42":{"start":{"line":86,"column":12},"end":{"line":86,"column":36}},"43":{"start":{"line":87,"column":12},"end":{"line":87,"column":50}},"44":{"start":{"line":89,"column":12},"end":{"line":91,"column":13}},"45":{"start":{"line":90,"column":16},"end":{"line":90,"column":38}},"46":{"start":{"line":93,"column":12},"end":{"line":93,"column":33}},"47":{"start":{"line":95,"column":12},"end":{"line":95,"column":91}},"48":{"start":{"line":97,"column":12},"end":{"line":97,"column":76}},"49":{"start":{"line":98,"column":12},"end":{"line":98,"column":78}},"50":{"start":{"line":105,"column":0},"end":{"line":126,"column":2}},"51":{"start":{"line":109,"column":27},"end":{"line":109,"column":46}},"52":{"start":{"line":111,"column":8},"end":{"line":124,"column":9}},"53":{"start":{"line":112,"column":29},"end":{"line":114,"column":14}},"54":{"start":{"line":116,"column":12},"end":{"line":118,"column":13}},"55":{"start":{"line":117,"column":16},"end":{"line":117,"column":86}},"56":{"start":{"line":120,"column":12},"end":{"line":120,"column":31}},"57":{"start":{"line":122,"column":12},"end":{"line":122,"column":87}},"58":{"start":{"line":123,"column":12},"end":{"line":123,"column":89}},"59":{"start":{"line":129,"column":0},"end":{"line":156,"column":3}},"60":{"start":{"line":130,"column":81},"end":{"line":130,"column":90}},"61":{"start":{"line":132,"column":24},"end":{"line":136,"column":5}},"62":{"start":{"line":138,"column":4},"end":{"line":146,"column":5}},"63":{"start":{"line":139,"column":26},"end":{"line":139,"column":55}},"64":{"start":{"line":142,"column":8},"end":{"line":142,"column":48}},"65":{"start":{"line":143,"column":8},"end":{"line":143,"column":46}},"66":{"start":{"line":148,"column":4},"end":{"line":155,"column":5}},"67":{"start":{"line":149,"column":25},"end":{"line":149,"column":70}},"68":{"start":{"line":150,"column":8},"end":{"line":150,"column":55}},"69":{"start":{"line":151,"column":8},"end":{"line":151,"column":27}},"70":{"start":{"line":153,"column":8},"end":{"line":153,"column":66}},"71":{"start":{"line":154,"column":8},"end":{"line":154,"column":68}},"72":{"start":{"line":160,"column":0},"end":{"line":167,"column":3}},"73":{"start":{"line":161,"column":4},"end":{"line":166,"column":5}},"74":{"start":{"line":162,"column":25},"end":{"line":162,"column":48}},"75":{"start":{"line":163,"column":8},"end":{"line":163,"column":27}},"76":{"start":{"line":165,"column":8},"end":{"line":165,"column":55}},"77":{"start":{"line":172,"column":0},"end":{"line":183,"column":3}},"78":{"start":{"line":173,"column":4},"end":{"line":182,"column":5}},"79":{"start":{"line":174,"column":24},"end":{"line":174,"column":69}},"80":{"start":{"line":175,"column":8},"end":{"line":177,"column":9}},"81":{"start":{"line":176,"column":12},"end":{"line":176,"column":76}},"82":{"start":{"line":178,"column":8},"end":{"line":178,"column":26}},"83":{"start":{"line":180,"column":8},"end":{"line":180,"column":69}},"84":{"start":{"line":181,"column":8},"end":{"line":181,"column":71}},"85":{"start":{"line":187,"column":0},"end":{"line":209,"column":3}},"86":{"start":{"line":188,"column":27},"end":{"line":188,"column":37}},"87":{"start":{"line":190,"column":4},"end":{"line":208,"column":5}},"88":{"start":{"line":192,"column":24},"end":{"line":192,"column":58}},"89":{"start":{"line":194,"column":8},"end":{"line":196,"column":9}},"90":{"start":{"line":195,"column":12},"end":{"line":195,"column":76}},"91":{"start":{"line":199,"column":8},"end":{"line":199,"column":59}},"92":{"start":{"line":202,"column":8},"end":{"line":202,"column":32}},"93":{"start":{"line":204,"column":8},"end":{"line":204,"column":77}},"94":{"start":{"line":206,"column":8},"end":{"line":206,"column":62}},"95":{"start":{"line":207,"column":8},"end":{"line":207,"column":72}},"96":{"start":{"line":213,"column":0},"end":{"line":213,"column":24}}},"fnMap":{"0":{"name":"(anonymous_0)","decl":{"start":{"line":11,"column":17},"end":{"line":11,"column":18}},"loc":{"start":{"line":11,"column":36},"end":{"line":13,"column":5}},"line":11},"1":{"name":"(anonymous_1)","decl":{"start":{"line":14,"column":14},"end":{"line":14,"column":15}},"loc":{"start":{"line":14,"column":33},"end":{"line":16,"column":5}},"line":14},"2":{"name":"(anonymous_2)","decl":{"start":{"line":24,"column":4},"end":{"line":24,"column":5}},"loc":{"start":{"line":24,"column":24},"end":{"line":54,"column":5}},"line":24},"3":{"name":"(anonymous_3)","decl":{"start":{"line":62,"column":4},"end":{"line":62,"column":5}},"loc":{"start":{"line":62,"column":24},"end":{"line":100,"column":5}},"line":62},"4":{"name":"(anonymous_4)","decl":{"start":{"line":108,"column":4},"end":{"line":108,"column":5}},"loc":{"start":{"line":108,"column":24},"end":{"line":125,"column":5}},"line":108},"5":{"name":"(anonymous_5)","decl":{"start":{"line":129,"column":22},"end":{"line":129,"column":23}},"loc":{"start":{"line":129,"column":42},"end":{"line":156,"column":1}},"line":129},"6":{"name":"(anonymous_6)","decl":{"start":{"line":160,"column":21},"end":{"line":160,"column":22}},"loc":{"start":{"line":160,"column":41},"end":{"line":167,"column":1}},"line":160},"7":{"name":"(anonymous_7)","decl":{"start":{"line":172,"column":27},"end":{"line":172,"column":28}},"loc":{"start":{"line":172,"column":47},"end":{"line":183,"column":1}},"line":172},"8":{"name":"(anonymous_8)","decl":{"start":{"line":187,"column":30},"end":{"line":187,"column":31}},"loc":{"start":{"line":187,"column":50},"end":{"line":209,"column":1}},"line":187}},"branchMap":{"0":{"loc":{"start":{"line":27,"column":22},"end":{"line":27,"column":57}},"type":"cond-expr","locations":[{"start":{"line":27,"column":33},"end":{"line":27,"column":50}},{"start":{"line":27,"column":53},"end":{"line":27,"column":57}}],"line":27},"1":{"loc":{"start":{"line":66,"column":22},"end":{"line":66,"column":57}},"type":"cond-expr","locations":[{"start":{"line":66,"column":33},"end":{"line":66,"column":50}},{"start":{"line":66,"column":53},"end":{"line":66,"column":57}}],"line":66},"2":{"loc":{"start":{"line":73,"column":12},"end":{"line":75,"column":13}},"type":"if","locations":[{"start":{"line":73,"column":12},"end":{"line":75,"column":13}},{"start":{},"end":{}}],"line":73},"3":{"loc":{"start":{"line":89,"column":12},"end":{"line":91,"column":13}},"type":"if","locations":[{"start":{"line":89,"column":12},"end":{"line":91,"column":13}},{"start":{},"end":{}}],"line":89},"4":{"loc":{"start":{"line":116,"column":12},"end":{"line":118,"column":13}},"type":"if","locations":[{"start":{"line":116,"column":12},"end":{"line":118,"column":13}},{"start":{},"end":{}}],"line":116},"5":{"loc":{"start":{"line":133,"column":12},"end":{"line":133,"column":34}},"type":"binary-expr","locations":[{"start":{"line":133,"column":12},"end":{"line":133,"column":19}},{"start":{"line":133,"column":23},"end":{"line":133,"column":34}}],"line":133},"6":{"loc":{"start":{"line":134,"column":12},"end":{"line":134,"column":32}},"type":"binary-expr","locations":[{"start":{"line":134,"column":12},"end":{"line":134,"column":18}},{"start":{"line":134,"column":22},"end":{"line":134,"column":32}}],"line":134},"7":{"loc":{"start":{"line":135,"column":12},"end":{"line":135,"column":54}},"type":"binary-expr","locations":[{"start":{"line":135,"column":12},"end":{"line":135,"column":29}},{"start":{"line":135,"column":33},"end":{"line":135,"column":54}}],"line":135},"8":{"loc":{"start":{"line":138,"column":4},"end":{"line":146,"column":5}},"type":"if","locations":[{"start":{"line":138,"column":4},"end":{"line":146,"column":5}},{"start":{},"end":{}}],"line":138},"9":{"loc":{"start":{"line":138,"column":8},"end":{"line":138,"column":38}},"type":"binary-expr","locations":[{"start":{"line":138,"column":8},"end":{"line":138,"column":23}},{"start":{"line":138,"column":27},"end":{"line":138,"column":38}}],"line":138},"10":{"loc":{"start":{"line":175,"column":8},"end":{"line":177,"column":9}},"type":"if","locations":[{"start":{"line":175,"column":8},"end":{"line":177,"column":9}},{"start":{},"end":{}}],"line":175},"11":{"loc":{"start":{"line":194,"column":8},"end":{"line":196,"column":9}},"type":"if","locations":[{"start":{"line":194,"column":8},"end":{"line":196,"column":9}},{"start":{},"end":{}}],"line":194}},"s":{"0":1,"1":1,"2":1,"3":1,"4":1,"5":1,"6":1,"7":1,"8":1,"9":0,"10":0,"11":1,"12":1,"13":3,"14":3,"15":3,"16":3,"17":3,"18":3,"19":3,"20":1,"21":2,"22":2,"23":1,"24":2,"25":2,"26":2,"27":2,"28":2,"29":2,"30":2,"31":2,"32":2,"33":1,"34":1,"35":1,"36":1,"37":1,"38":1,"39":1,"40":1,"41":1,"42":1,"43":1,"44":1,"45":0,"46":1,"47":1,"48":0,"49":0,"50":1,"51":1,"52":1,"53":1,"54":1,"55":0,"56":1,"57":0,"58":0,"59":1,"60":1,"61":1,"62":1,"63":0,"64":0,"65":0,"66":1,"67":1,"68":1,"69":1,"70":0,"71":0,"72":1,"73":0,"74":0,"75":0,"76":0,"77":1,"78":0,"79":0,"80":0,"81":0,"82":0,"83":0,"84":0,"85":1,"86":1,"87":1,"88":1,"89":1,"90":0,"91":1,"92":1,"93":1,"94":0,"95":0,"96":1},"f":{"0":0,"1":0,"2":3,"3":2,"4":1,"5":1,"6":0,"7":0,"8":1},"b":{"0":[0,3],"1":[0,2],"2":[1,1],"3":[0,1],"4":[0,1],"5":[1,1],"6":[1,1],"7":[1,0],"8":[0,1],"9":[1,0],"10":[0,0],"11":[0,1]},"_coverageSchema":"1a1c01bbd47fc00a2c39e90264f33305004495a9","hash":"99509fd3e9ccc454023f7fec7db3bffe0566913a"}
,"/Users/teresaorellana/Downloads/2024/Desarrollo de software/Page/Techengue_backend/src/routes/solicitudes.js": {"path":"/Users/teresaorellana/Downloads/2024/Desarrollo de software/Page/Techengue_backend/src/routes/solicitudes.js","statementMap":{"0":{"start":{"line":1,"column":16},"end":{"line":1,"column":34}},"1":{"start":{"line":2,"column":15},"end":{"line":2,"column":31}},"2":{"start":{"line":3,"column":19},"end":{"line":3,"column":41}},"3":{"start":{"line":4,"column":18},"end":{"line":4,"column":48}},"4":{"start":{"line":5,"column":16},"end":{"line":5,"column":44}},"5":{"start":{"line":6,"column":16},"end":{"line":6,"column":44}},"6":{"start":{"line":9,"column":0},"end":{"line":26,"column":3}},"7":{"start":{"line":10,"column":4},"end":{"line":25,"column":5}},"8":{"start":{"line":11,"column":31},"end":{"line":11,"column":41}},"9":{"start":{"line":13,"column":28},"end":{"line":19,"column":10}},"10":{"start":{"line":21,"column":8},"end":{"line":21,"column":30}},"11":{"start":{"line":23,"column":8},"end":{"line":23,"column":62}},"12":{"start":{"line":24,"column":8},"end":{"line":24,"column":72}},"13":{"start":{"line":30,"column":0},"end":{"line":75,"column":2}},"14":{"start":{"line":34,"column":8},"end":{"line":73,"column":9}},"15":{"start":{"line":35,"column":43},"end":{"line":35,"column":62}},"16":{"start":{"line":36,"column":129},"end":{"line":36,"column":137}},"17":{"start":{"line":39,"column":12},"end":{"line":41,"column":13}},"18":{"start":{"line":40,"column":16},"end":{"line":40,"column":108}},"19":{"start":{"line":44,"column":39},"end":{"line":49,"column":14}},"20":{"start":{"line":51,"column":12},"end":{"line":53,"column":13}},"21":{"start":{"line":52,"column":16},"end":{"line":52,"column":105}},"22":{"start":{"line":56,"column":35},"end":{"line":67,"column":14}},"23":{"start":{"line":69,"column":12},"end":{"line":69,"column":106}},"24":{"start":{"line":71,"column":12},"end":{"line":71,"column":65}},"25":{"start":{"line":72,"column":12},"end":{"line":72,"column":75}},"26":{"start":{"line":78,"column":0},"end":{"line":102,"column":2}},"27":{"start":{"line":82,"column":8},"end":{"line":100,"column":9}},"28":{"start":{"line":83,"column":31},"end":{"line":83,"column":50}},"29":{"start":{"line":86,"column":32},"end":{"line":94,"column":14}},"30":{"start":{"line":96,"column":12},"end":{"line":96,"column":34}},"31":{"start":{"line":98,"column":12},"end":{"line":98,"column":66}},"32":{"start":{"line":99,"column":12},"end":{"line":99,"column":76}},"33":{"start":{"line":107,"column":0},"end":{"line":125,"column":3}},"34":{"start":{"line":108,"column":29},"end":{"line":108,"column":39}},"35":{"start":{"line":109,"column":23},"end":{"line":109,"column":31}},"36":{"start":{"line":111,"column":4},"end":{"line":124,"column":5}},"37":{"start":{"line":112,"column":26},"end":{"line":112,"column":64}},"38":{"start":{"line":113,"column":8},"end":{"line":115,"column":9}},"39":{"start":{"line":114,"column":12},"end":{"line":114,"column":78}},"40":{"start":{"line":117,"column":8},"end":{"line":117,"column":34}},"41":{"start":{"line":118,"column":8},"end":{"line":118,"column":31}},"42":{"start":{"line":120,"column":8},"end":{"line":120,"column":79}},"43":{"start":{"line":122,"column":8},"end":{"line":122,"column":66}},"44":{"start":{"line":123,"column":8},"end":{"line":123,"column":76}},"45":{"start":{"line":128,"column":0},"end":{"line":162,"column":3}},"46":{"start":{"line":129,"column":29},"end":{"line":129,"column":39}},"47":{"start":{"line":130,"column":23},"end":{"line":130,"column":31}},"48":{"start":{"line":132,"column":4},"end":{"line":161,"column":5}},"49":{"start":{"line":134,"column":26},"end":{"line":134,"column":64}},"50":{"start":{"line":135,"column":8},"end":{"line":137,"column":9}},"51":{"start":{"line":136,"column":12},"end":{"line":136,"column":78}},"52":{"start":{"line":140,"column":8},"end":{"line":151,"column":9}},"53":{"start":{"line":141,"column":35},"end":{"line":146,"column":14}},"54":{"start":{"line":148,"column":12},"end":{"line":150,"column":13}},"55":{"start":{"line":149,"column":16},"end":{"line":149,"column":109}},"56":{"start":{"line":154,"column":8},"end":{"line":154,"column":34}},"57":{"start":{"line":155,"column":8},"end":{"line":155,"column":31}},"58":{"start":{"line":157,"column":8},"end":{"line":157,"column":28}},"59":{"start":{"line":159,"column":8},"end":{"line":159,"column":66}},"60":{"start":{"line":160,"column":8},"end":{"line":160,"column":76}},"61":{"start":{"line":166,"column":0},"end":{"line":166,"column":24}}},"fnMap":{"0":{"name":"(anonymous_0)","decl":{"start":{"line":9,"column":35},"end":{"line":9,"column":36}},"loc":{"start":{"line":9,"column":55},"end":{"line":26,"column":1}},"line":9},"1":{"name":"(anonymous_1)","decl":{"start":{"line":33,"column":4},"end":{"line":33,"column":5}},"loc":{"start":{"line":33,"column":24},"end":{"line":74,"column":5}},"line":33},"2":{"name":"(anonymous_2)","decl":{"start":{"line":81,"column":4},"end":{"line":81,"column":5}},"loc":{"start":{"line":81,"column":24},"end":{"line":101,"column":5}},"line":81},"3":{"name":"(anonymous_3)","decl":{"start":{"line":107,"column":29},"end":{"line":107,"column":30}},"loc":{"start":{"line":107,"column":49},"end":{"line":125,"column":1}},"line":107},"4":{"name":"(anonymous_4)","decl":{"start":{"line":128,"column":29},"end":{"line":128,"column":30}},"loc":{"start":{"line":128,"column":49},"end":{"line":162,"column":1}},"line":128}},"branchMap":{"0":{"loc":{"start":{"line":39,"column":12},"end":{"line":41,"column":13}},"type":"if","locations":[{"start":{"line":39,"column":12},"end":{"line":41,"column":13}},{"start":{},"end":{}}],"line":39},"1":{"loc":{"start":{"line":39,"column":16},"end":{"line":39,"column":81}},"type":"binary-expr","locations":[{"start":{"line":39,"column":16},"end":{"line":39,"column":27}},{"start":{"line":39,"column":31},"end":{"line":39,"column":38}},{"start":{"line":39,"column":42},"end":{"line":39,"column":50}},{"start":{"line":39,"column":54},"end":{"line":39,"column":68}},{"start":{"line":39,"column":72},"end":{"line":39,"column":81}}],"line":39},"2":{"loc":{"start":{"line":51,"column":12},"end":{"line":53,"column":13}},"type":"if","locations":[{"start":{"line":51,"column":12},"end":{"line":53,"column":13}},{"start":{},"end":{}}],"line":51},"3":{"loc":{"start":{"line":113,"column":8},"end":{"line":115,"column":9}},"type":"if","locations":[{"start":{"line":113,"column":8},"end":{"line":115,"column":9}},{"start":{},"end":{}}],"line":113},"4":{"loc":{"start":{"line":135,"column":8},"end":{"line":137,"column":9}},"type":"if","locations":[{"start":{"line":135,"column":8},"end":{"line":137,"column":9}},{"start":{},"end":{}}],"line":135},"5":{"loc":{"start":{"line":140,"column":8},"end":{"line":151,"column":9}},"type":"if","locations":[{"start":{"line":140,"column":8},"end":{"line":151,"column":9}},{"start":{},"end":{}}],"line":140},"6":{"loc":{"start":{"line":148,"column":12},"end":{"line":150,"column":13}},"type":"if","locations":[{"start":{"line":148,"column":12},"end":{"line":150,"column":13}},{"start":{},"end":{}}],"line":148}},"s":{"0":1,"1":1,"2":1,"3":1,"4":1,"5":1,"6":1,"7":1,"8":1,"9":1,"10":1,"11":0,"12":0,"13":1,"14":1,"15":1,"16":1,"17":1,"18":0,"19":1,"20":1,"21":0,"22":1,"23":1,"24":0,"25":0,"26":1,"27":1,"28":1,"29":1,"30":1,"31":0,"32":0,"33":1,"34":0,"35":0,"36":0,"37":0,"38":0,"39":0,"40":0,"41":0,"42":0,"43":0,"44":0,"45":1,"46":0,"47":0,"48":0,"49":0,"50":0,"51":0,"52":0,"53":0,"54":0,"55":0,"56":0,"57":0,"58":0,"59":0,"60":0,"61":1},"f":{"0":1,"1":1,"2":1,"3":0,"4":0},"b":{"0":[0,1],"1":[1,1,1,1,1],"2":[0,1],"3":[0,0],"4":[0,0],"5":[0,0],"6":[0,0]},"_coverageSchema":"1a1c01bbd47fc00a2c39e90264f33305004495a9","hash":"fa9a671e4081cd630251a8d7f237dd86c355e83b"}
}
