TN:
SF:src/config/database.js
FNF:0
FNH:0
DA:2,1
DA:3,1
DA:5,1
DA:11,1
LF:4
LH:4
BRF:0
BRH:0
end_of_record
TN:
SF:src/models/Adopcion.js
FN:23,(anonymous_0)
FNF:1
FNH:0
FNDA:0,(anonymous_0)
DA:1,1
DA:2,1
DA:4,1
DA:23,1
DA:24,0
DA:25,0
DA:28,1
LF:7
LH:5
BRF:0
BRH:0
end_of_record
TN:
SF:src/models/Resena.js
FN:25,(anonymous_0)
FNF:1
FNH:0
FNDA:0,(anonymous_0)
DA:1,1
DA:2,1
DA:4,1
DA:25,1
DA:26,0
DA:29,1
LF:6
LH:5
BRF:0
BRH:0
end_of_record
TN:
SF:src/models/Solicitud.js
FN:35,(anonymous_0)
FNF:1
FNH:0
FNDA:0,(anonymous_0)
DA:1,1
DA:2,1
DA:4,1
DA:35,1
DA:36,0
DA:37,0
DA:38,0
DA:39,0
DA:42,1
LF:9
LH:5
BRF:0
BRH:0
end_of_record
