TN:
SF:src/config/database.js
FNF:0
FNH:0
DA:2,9
DA:3,9
DA:5,9
DA:11,9
LF:4
LH:4
BRF:0
BRH:0
end_of_record
TN:
SF:src/models/Mascota.js
FN:38,(anonymous_0)
FNF:1
FNH:1
FNDA:3,(anonymous_0)
DA:1,5
DA:2,5
DA:3,5
DA:5,5
DA:38,5
DA:39,3
DA:40,3
DA:43,5
LF:8
LH:8
BRF:0
BRH:0
end_of_record
TN:
SF:src/models/Solicitud.js
FN:38,(anonymous_0)
FNF:1
FNH:1
FNDA:3,(anonymous_0)
DA:1,5
DA:2,5
DA:3,5
DA:5,5
DA:38,5
DA:39,3
DA:40,3
DA:44,5
LF:8
LH:8
BRF:0
BRH:0
end_of_record
TN:
SF:src/models/Usuario.js
FN:28,(anonymous_0)
FNF:1
FNH:1
FNDA:3,(anonymous_0)
DA:1,5
DA:2,5
DA:4,5
DA:28,5
DA:29,3
DA:32,5
LF:6
LH:6
BRF:0
BRH:0
end_of_record
TN:
SF:src/routes/auth.js
FN:9,(anonymous_0)
FN:33,(anonymous_1)
FN:54,(anonymous_2)
FN:77,(anonymous_3)
FN:101,(anonymous_4)
FNF:5
FNH:5
FNDA:3,(anonymous_0)
FNDA:3,(anonymous_1)
FNDA:3,(anonymous_2)
FNDA:3,(anonymous_3)
FNDA:3,(anonymous_4)
DA:1,1
DA:2,1
DA:3,1
DA:4,1
DA:5,1
DA:6,1
DA:9,1
DA:10,3
DA:11,3
DA:12,3
DA:13,1
DA:16,2
DA:17,2
DA:21,1
DA:22,0
DA:25,1
DA:27,1
DA:28,1
DA:33,1
DA:34,3
DA:36,3
DA:37,3
DA:38,3
DA:39,1
DA:42,2
DA:43,2
DA:45,1
DA:47,1
DA:48,1
DA:54,1
DA:55,3
DA:57,3
DA:58,3
DA:59,2
DA:60,1
DA:63,1
DA:64,1
DA:65,0
DA:68,1
DA:69,1
DA:71,1
DA:72,1
DA:77,1
DA:78,3
DA:79,3
DA:81,3
DA:82,3
DA:83,3
DA:85,2
DA:86,1
DA:89,1
DA:90,1
DA:91,1
DA:93,1
DA:95,1
DA:96,1
DA:101,1
DA:102,3
DA:103,3
DA:105,2
DA:106,1
DA:109,1
DA:110,1
DA:112,1
DA:113,1
DA:117,1
LF:66
LH:64
BRDA:12,0,0,1
BRDA:12,0,1,2
BRDA:21,1,0,0
BRDA:21,1,1,1
BRDA:38,2,0,1
BRDA:38,2,1,2
BRDA:59,3,0,1
BRDA:59,3,1,1
BRDA:64,4,0,0
BRDA:64,4,1,1
BRDA:85,5,0,1
BRDA:85,5,1,1
BRDA:105,6,0,1
BRDA:105,6,1,1
BRF:14
BRH:12
end_of_record
TN:
SF:src/routes/mascotas.js
FN:11,(anonymous_0)
FN:14,(anonymous_1)
FN:24,(anonymous_2)
FN:62,(anonymous_3)
FN:108,(anonymous_4)
FN:129,(anonymous_5)
FN:160,(anonymous_6)
FN:172,(anonymous_7)
FN:187,(anonymous_8)
FNF:9
FNH:5
FNDA:0,(anonymous_0)
FNDA:0,(anonymous_1)
FNDA:3,(anonymous_2)
FNDA:2,(anonymous_3)
FNDA:1,(anonymous_4)
FNDA:1,(anonymous_5)
FNDA:0,(anonymous_6)
FNDA:0,(anonymous_7)
FNDA:1,(anonymous_8)
DA:1,1
DA:2,1
DA:3,1
DA:4,1
DA:5,1
DA:6,1
DA:7,1
DA:8,1
DA:10,1
DA:12,0
DA:15,0
DA:18,1
DA:20,1
DA:25,3
DA:26,3
DA:27,3
DA:29,3
DA:30,3
DA:32,3
DA:33,3
DA:49,1
DA:51,2
DA:52,2
DA:58,1
DA:63,2
DA:64,2
DA:65,2
DA:66,2
DA:68,2
DA:69,2
DA:71,2
DA:72,2
DA:73,2
DA:74,1
DA:78,1
DA:79,1
DA:80,1
DA:81,1
DA:82,1
DA:83,1
DA:84,1
DA:85,1
DA:86,1
DA:87,1
DA:89,1
DA:90,0
DA:93,1
DA:95,1
DA:97,0
DA:98,0
DA:105,1
DA:109,1
DA:111,1
DA:112,1
DA:116,1
DA:117,0
DA:120,1
DA:122,0
DA:123,0
DA:129,1
DA:130,1
DA:132,1
DA:138,1
DA:139,0
DA:142,0
DA:143,0
DA:148,1
DA:149,1
DA:150,1
DA:151,1
DA:153,0
DA:154,0
DA:160,1
DA:161,0
DA:162,0
DA:163,0
DA:165,0
DA:172,1
DA:173,0
DA:174,0
DA:175,0
DA:176,0
DA:178,0
DA:180,0
DA:181,0
DA:187,1
DA:188,1
DA:190,1
DA:192,1
DA:194,1
DA:195,0
DA:199,1
DA:202,1
DA:204,1
DA:206,0
DA:207,0
DA:213,1
LF:97
LH:70
BRDA:27,0,0,0
BRDA:27,0,1,3
BRDA:66,1,0,0
BRDA:66,1,1,2
BRDA:73,2,0,1
BRDA:73,2,1,1
BRDA:89,3,0,0
BRDA:89,3,1,1
BRDA:116,4,0,0
BRDA:116,4,1,1
BRDA:133,5,0,1
BRDA:133,5,1,1
BRDA:134,6,0,1
BRDA:134,6,1,1
BRDA:135,7,0,1
BRDA:135,7,1,0
BRDA:138,8,0,0
BRDA:138,8,1,1
BRDA:138,9,0,1
BRDA:138,9,1,0
BRDA:175,10,0,0
BRDA:175,10,1,0
BRDA:194,11,0,0
BRDA:194,11,1,1
BRF:24
BRH:14
end_of_record
TN:
SF:src/routes/solicitudes.js
FN:9,(anonymous_0)
FN:33,(anonymous_1)
FN:81,(anonymous_2)
FN:107,(anonymous_3)
FN:128,(anonymous_4)
FNF:5
FNH:3
FNDA:1,(anonymous_0)
FNDA:1,(anonymous_1)
FNDA:1,(anonymous_2)
FNDA:0,(anonymous_3)
FNDA:0,(anonymous_4)
DA:1,1
DA:2,1
DA:3,1
DA:4,1
DA:5,1
DA:6,1
DA:9,1
DA:10,1
DA:11,1
DA:13,1
DA:21,1
DA:23,0
DA:24,0
DA:30,1
DA:34,1
DA:35,1
DA:36,1
DA:39,1
DA:40,0
DA:44,1
DA:51,1
DA:52,0
DA:56,1
DA:69,1
DA:71,0
DA:72,0
DA:78,1
DA:82,1
DA:83,1
DA:86,1
DA:96,1
DA:98,0
DA:99,0
DA:107,1
DA:108,0
DA:109,0
DA:111,0
DA:112,0
DA:113,0
DA:114,0
DA:117,0
DA:118,0
DA:120,0
DA:122,0
DA:123,0
DA:128,1
DA:129,0
DA:130,0
DA:132,0
DA:134,0
DA:135,0
DA:136,0
DA:140,0
DA:141,0
DA:148,0
DA:149,0
DA:154,0
DA:155,0
DA:157,0
DA:159,0
DA:160,0
DA:166,1
LF:62
LH:28
BRDA:39,0,0,0
BRDA:39,0,1,1
BRDA:39,1,0,1
BRDA:39,1,1,1
BRDA:39,1,2,1
BRDA:39,1,3,1
BRDA:39,1,4,1
BRDA:51,2,0,0
BRDA:51,2,1,1
BRDA:113,3,0,0
BRDA:113,3,1,0
BRDA:135,4,0,0
BRDA:135,4,1,0
BRDA:140,5,0,0
BRDA:140,5,1,0
BRDA:148,6,0,0
BRDA:148,6,1,0
BRF:17
BRH:7
end_of_record
